<?xml version="1.0" encoding="UTF-8"?>
<!-- Generated by org.testng.reporters.JUnitXMLReporter -->
<testsuite ignored="0" hostname="Pravin" failures="0" tests="2" name="Test(failed)(failed)" time="9.838" errors="0" timestamp="2022-11-04T08:27:10 IST">
  <testcase classname="com.sauceDemo.TestPackage.TC01_VerifyLoginFunctionality" name="VerifyLogin" time="0.018"/>
  <testcase classname="com.sauceDemo.TestPackage.TC01_VerifyLoginFunctionality" name="VerifyLogin" time="0.005"/>
</testsuite> <!-- Test(failed)(failed) -->
