<?xml version="1.0" encoding="UTF-8"?>
<!-- Generated by org.testng.reporters.JUnitXMLReporter -->
<testsuite ignored="0" hostname="Pravin" failures="0" tests="5" name="ChromeTest" time="28.461" errors="0" timestamp="2022-11-05T12:15:03 IST">
  <testcase classname="com.sauceDemo.TestPackage.TC01_VerifyLoginFunctionality" name="VerifyLogin" time="0.011"/>
  <testcase classname="com.sauceDemo.TestPackage.TC04_VerifyToAddTheProductToCart_BagProduct" name="VerifyToAddToCart_BagProduct" time="1.09"/>
  <testcase classname="com.sauceDemo.TestPackage.TC01_VerifyLoginFunctionality" name="VerifyLogin" time="0.007"/>
  <testcase classname="com.sauceDemo.TestPackage.TC05_VerifyToBuyTheProduct" name="VerifyBuyProduct" time="0.955"/>
  <testcase classname="com.sauceDemo.TestPackage.TC03_VerifyToSelectTheBagProduct" name="VerifyToSelectBagProduct" time="5.47"/>
</testsuite> <!-- ChromeTest -->
