<?xml version="1.0" encoding="UTF-8"?>
<!-- Generated by org.testng.reporters.JUnitXMLReporter -->
<testsuite ignored="0" hostname="Pravin" failures="0" tests="10" name="Test" time="40.023" errors="0" timestamp="2022-11-04T08:28:37 IST">
  <testcase classname="com.sauceDemo.TestPackage.TC01_VerifyLoginFunctionality" name="VerifyLogin" time="0.015"/>
  <testcase classname="com.sauceDemo.TestPackage.TC07_VerifyLogOutFunctionality" name="Validation" time="0.013"/>
  <testcase classname="com.sauceDemo.TestPackage.TC08_VerifyToApplyTheFilter" name="Filter" time="1.661"/>
  <testcase classname="com.sauceDemo.TestPackage.TC01_VerifyLoginFunctionality" name="VerifyLogin" time="0.017"/>
  <testcase classname="com.sauceDemo.TestPackage.TC07_VerifyLogOutFunctionality" name="Validation" time="0.015"/>
  <testcase classname="com.sauceDemo.TestPackage.TC09_VerifyToCheckThe_About" name="VerifyToCheckThe_About" time="6.237"/>
  <testcase classname="com.sauceDemo.TestPackage.TC04_VerifyToAddTheProductToCart_BagProduct" name="VerifyToAddTheProductToCart_BagProduct" time="1.196"/>
  <testcase classname="com.sauceDemo.TestPackage.TC05_VerifyToBuyTheProduct" name="VerifyToBuyTheProduct" time="1.251"/>
  <testcase classname="com.sauceDemo.TestPackage.TC06_VerifyToProceedForCheckout" name="Validation" time="1.78"/>
  <testcase classname="com.sauceDemo.TestPackage.TC03_VerifyToSelectTheBagProduct" name="VerifyToSelectTheBagProduct" time="5.823"/>
</testsuite> <!-- Test -->
